<?xml version="1.0" encoding="UTF-8"?>
<testsuite name="TestGenericLexer" tests="1" skipped="0" failures="0" errors="0" timestamp="2022-02-11T11:19:28" hostname="SIT-SCBL2711" time="0.03">
  <properties/>
  <testcase name="TestValidMultirepetition()" classname="TestGenericLexer" time="0.03"/>
  <system-out><![CDATA[Starting position: 1
Word: bbbbaaaaabaabababbaababbbbbbabb
Read symbol: 'b' -> new position: 3
Read symbol: 'b' -> new position: 3
Read symbol: 'b' -> new position: 3
Read symbol: 'b' -> new position: 3
Read symbol: 'a' -> new position: 2
Read symbol: 'a' -> new position: 4
Read symbol: 'a' -> new position: 4
Read symbol: 'a' -> new position: 4
Read symbol: 'a' -> new position: 4
Read symbol: 'b' -> new position: 5
Read symbol: 'a' -> new position: 6
Read symbol: 'a' -> new position: 4
Read symbol: 'b' -> new position: 5
Read symbol: 'a' -> new position: 6
Read symbol: 'b' -> new position: 5
Read symbol: 'a' -> new position: 6
Read symbol: 'b' -> new position: 5
Read symbol: 'b' -> new position: 7
Read symbol: 'a' -> new position: 8
Read symbol: 'a' -> new position: 4
Read symbol: 'b' -> new position: 5
Read symbol: 'a' -> new position: 6
Read symbol: 'b' -> new position: 5
Read symbol: 'b' -> new position: 7
Read symbol: 'b' -> new position: 9
Read symbol: 'b' -> new position: 3
Read symbol: 'b' -> new position: 3
Read symbol: 'b' -> new position: 3
Read symbol: 'a' -> new position: 2
Read symbol: 'b' -> new position: 5
Read symbol: 'b' -> new position: 7
Accepted
]]></system-out>
  <system-err><![CDATA[]]></system-err>
</testsuite>
