<?xml version="1.0" encoding="UTF-8"?>
<testsuite name="TestDEACreator" tests="1" skipped="0" failures="0" errors="0" timestamp="2022-02-09T14:42:24" hostname="SIT-SCBL2711" time="0.118">
  <properties/>
  <testcase name="testDFACreator()" classname="TestDEACreator" time="0.118"/>
  <system-out><![CDATA[Expected:
[[{"index":2,"isAcceptingState":false,"positionsSet":[1,2,3,4]},{"a":{"index":4,"isAcceptingState":false,"positionsSet":[1,2,3,4]},"b":{"index":5,"isAcceptingState":false,"positionsSet":[1,2,3,5]}}],[{"index":5,"isAcceptingState":false,"positionsSet":[1,2,3,5]},{"a":{"index":6,"isAcceptingState":false,"positionsSet":[1,2,3,4]},"b":{"index":7,"isAcceptingState":true,"positionsSet":[1,2,3,6]}}],[{"index":7,"isAcceptingState":true,"positionsSet":[1,2,3,6]},{"a":{"index":8,"isAcceptingState":false,"positionsSet":[1,2,3,4]},"b":{"index":9,"isAcceptingState":false,"positionsSet":[1,2,3]}}],[{"index":1,"isAcceptingState":false,"positionsSet":[1,2,3]},{"a":{"index":2,"isAcceptingState":false,"positionsSet":[1,2,3,4]},"b":{"index":3,"isAcceptingState":false,"positionsSet":[1,2,3]}}]]
Actual:
[[{"index":1,"isAcceptingState":false,"positionsSet":[1,2,3]},{"a":{"index":2,"isAcceptingState":false,"positionsSet":[1,2,3,4]},"b":{"index":3,"isAcceptingState":false,"positionsSet":[1,2,3]}}],[{"index":2,"isAcceptingState":false,"positionsSet":[1,2,3,4]},{"a":{"index":4,"isAcceptingState":false,"positionsSet":[1,2,3,4]},"b":{"index":5,"isAcceptingState":true,"positionsSet":[1,2,3,5]}}],[{"index":5,"isAcceptingState":true,"positionsSet":[1,2,3,5]},{"a":{"index":6,"isAcceptingState":false,"positionsSet":[1,2,3,4]},"b":{"index":7,"isAcceptingState":false,"positionsSet":[1,2,3,6]}}],[{"index":7,"isAcceptingState":false,"positionsSet":[1,2,3,6]},{"a":{"index":8,"isAcceptingState":false,"positionsSet":[1,2,3,4]},"b":{"index":9,"isAcceptingState":false,"positionsSet":[1,2,3]}}]]
]]></system-out>
  <system-err><![CDATA[]]></system-err>
</testsuite>
