<?xml version="1.0" encoding="UTF-8"?>
<testsuite name="TestGenericLexer" tests="5" skipped="0" failures="0" errors="0" timestamp="2022-02-11T10:26:56" hostname="SIT-SCBL2711" time="0.05">
  <properties/>
  <testcase name="TestValidMinimal()" classname="TestGenericLexer" time="0.034"/>
  <testcase name="TestInvalidMinimal()" classname="TestGenericLexer" time="0.003"/>
  <testcase name="TestValidWithStartRepetition()" classname="TestGenericLexer" time="0.001"/>
  <testcase name="TestNonAccepting()" classname="TestGenericLexer" time="0.002"/>
  <testcase name="TestValidMultirepetition()" classname="TestGenericLexer" time="0.002"/>
  <system-out><![CDATA[]]></system-out>
  <system-err><![CDATA[]]></system-err>
</testsuite>
